This is XeTeX, Version 3.1415926-2.4-0.9998 (TeX Live 2012) (format=xelatex 2012.6.30)  27 OCT 2021 15:54
entering extended mode
 restricted \write18 enabled.
 %&-line parsing enabled.
**Integrate
(./Integrate.tex
LaTeX2e <2011/06/27>
Babel <v3.8m> and hyphenation patterns for english, dumylang, nohyphenation, ge
rman-x-2012-05-30, ngerman-x-2012-05-30, afrikaans, ancientgreek, ibycus, arabi
c, armenian, basque, bulgarian, catalan, pinyin, coptic, croatian, czech, danis
h, dutch, ukenglish, usenglishmax, esperanto, estonian, ethiopic, farsi, finnis
h, french, friulan, galician, german, ngerman, swissgerman, monogreek, greek, h
ungarian, icelandic, assamese, bengali, gujarati, hindi, kannada, malayalam, ma
rathi, oriya, panjabi, tamil, telugu, indonesian, interlingua, irish, italian, 
kurmanji, latin, latvian, lithuanian, mongolian, mongolianlmc, bokmal, nynorsk,
 polish, portuguese, romanian, romansh, russian, sanskrit, serbian, serbianc, s
lovak, slovenian, spanish, swedish, turkish, turkmen, ukrainian, uppersorbian, 
welsh, loaded.
(/usr/local/texlive/2012/texmf-dist/tex/latex/base/article.cls
Document Class: article 2007/10/19 v1.4h Standard LaTeX document class
(/usr/local/texlive/2012/texmf-dist/tex/latex/base/size11.clo
File: size11.clo 2007/10/19 v1.4h Standard LaTeX file (size option)
)
\c@part=\count80
\c@section=\count81
\c@subsection=\count82
\c@subsubsection=\count83
\c@paragraph=\count84
\c@subparagraph=\count85
\c@figure=\count86
\c@table=\count87
\abovecaptionskip=\skip41
\belowcaptionskip=\skip42
\bibindent=\dimen102
)
(/usr/local/texlive/2012/texmf-dist/tex/latex/graphics/graphicx.sty
Package: graphicx 1999/02/16 v1.0f Enhanced LaTeX Graphics (DPC,SPQR)

(/usr/local/texlive/2012/texmf-dist/tex/latex/graphics/keyval.sty
Package: keyval 1999/03/16 v1.13 key=value parser (DPC)
\KV@toks@=\toks14
)
(/usr/local/texlive/2012/texmf-dist/tex/latex/graphics/graphics.sty
Package: graphics 2009/02/05 v1.0o Standard LaTeX Graphics (DPC,SPQR)

(/usr/local/texlive/2012/texmf-dist/tex/latex/graphics/trig.sty
Package: trig 1999/03/16 v1.09 sin cos tan (DPC)
)
(/usr/local/texlive/2012/texmf-dist/tex/latex/latexconfig/graphics.cfg
File: graphics.cfg 2010/04/23 v1.9 graphics configuration of TeX Live
)
Package graphics Info: Driver file: xetex.def on input line 91.

(/usr/local/texlive/2012/texmf-dist/tex/xelatex/xetex-def/xetex.def
File: xetex.def 2009/11/22 v0.94 LaTeX color/graphics driver for XeTeX (RRM/JK)

))
\Gin@req@height=\dimen103
\Gin@req@width=\dimen104
)
(/usr/local/texlive/2012/texmf-dist/tex/latex/amsmath/amsmath.sty
Package: amsmath 2000/07/18 v2.13 AMS math features
\@mathmargin=\skip43

For additional information on amsmath, use the `?' option.
(/usr/local/texlive/2012/texmf-dist/tex/latex/amsmath/amstext.sty
Package: amstext 2000/06/29 v2.01

(/usr/local/texlive/2012/texmf-dist/tex/latex/amsmath/amsgen.sty
File: amsgen.sty 1999/11/30 v2.0
\@emptytoks=\toks15
\ex@=\dimen105
))
(/usr/local/texlive/2012/texmf-dist/tex/latex/amsmath/amsbsy.sty
Package: amsbsy 1999/11/29 v1.2d
\pmbraise@=\dimen106
)
(/usr/local/texlive/2012/texmf-dist/tex/latex/amsmath/amsopn.sty
Package: amsopn 1999/12/14 v2.01 operator names
)
\inf@bad=\count88
LaTeX Info: Redefining \frac on input line 211.
\uproot@=\count89
\leftroot@=\count90
LaTeX Info: Redefining \overline on input line 307.
\classnum@=\count91
\DOTSCASE@=\count92
LaTeX Info: Redefining \ldots on input line 379.
LaTeX Info: Redefining \dots on input line 382.
LaTeX Info: Redefining \cdots on input line 467.
\Mathstrutbox@=\box26
\strutbox@=\box27
\big@size=\dimen107
LaTeX Font Info:    Redeclaring font encoding OML on input line 567.
LaTeX Font Info:    Redeclaring font encoding OMS on input line 568.
\macc@depth=\count93
\c@MaxMatrixCols=\count94
\dotsspace@=\muskip10
\c@parentequation=\count95
\dspbrk@lvl=\count96
\tag@help=\toks16
\row@=\count97
\column@=\count98
\maxfields@=\count99
\andhelp@=\toks17
\eqnshift@=\dimen108
\alignsep@=\dimen109
\tagshift@=\dimen110
\tagwidth@=\dimen111
\totwidth@=\dimen112
\lineht@=\dimen113
\@envbody=\toks18
\multlinegap=\skip44
\multlinetaggap=\skip45
\mathdisplay@stack=\toks19
LaTeX Info: Redefining \[ on input line 2666.
LaTeX Info: Redefining \] on input line 2667.
)
(/usr/local/texlive/2012/texmf-dist/tex/latex/amsfonts/amssymb.sty
Package: amssymb 2009/06/22 v3.00

(/usr/local/texlive/2012/texmf-dist/tex/latex/amsfonts/amsfonts.sty
Package: amsfonts 2009/06/22 v3.00 Basic AMSFonts support
\symAMSa=\mathgroup4
\symAMSb=\mathgroup5
LaTeX Font Info:    Overwriting math alphabet `\mathfrak' in version `bold'
(Font)                  U/euf/m/n --> U/euf/b/n on input line 96.
))
(/usr/local/texlive/2012/texmf-dist/tex/latex/mh/mathtools.sty
Package: mathtools 2012/04/24 v1.12 mathematical typesetting tools

(/usr/local/texlive/2012/texmf-dist/tex/latex/tools/calc.sty
Package: calc 2007/08/22 v4.3 Infix arithmetic (KKT,FJ)
\calc@Acount=\count100
\calc@Bcount=\count101
\calc@Adimen=\dimen114
\calc@Bdimen=\dimen115
\calc@Askip=\skip46
\calc@Bskip=\skip47
LaTeX Info: Redefining \setlength on input line 76.
LaTeX Info: Redefining \addtolength on input line 77.
\calc@Ccount=\count102
\calc@Cskip=\skip48
)
(/usr/local/texlive/2012/texmf-dist/tex/latex/mh/mhsetup.sty
Package: mhsetup 2010/01/21 v1.2a programming setup (MH)
)
\g_MT_multlinerow_int=\count103
\l_MT_multwidth_dim=\dimen116
\origjot=\skip49
\l_MT_shortvdotswithinadjustabove_dim=\dimen117
\l_MT_shortvdotswithinadjustbelow_dim=\dimen118
\l_MT_above_intertext_dim=\dimen119
\l_MT_below_intertext_dim=\dimen120
\l_MT_above_shortintertext_dim=\dimen121
\l_MT_below_shortintertext_dim=\dimen122
)
(/usr/local/texlive/2012/texmf-dist/tex/latex/psnfss/pifont.sty
Package: pifont 2005/04/12 PSNFSS-v9.2a Pi font support (SPQR) 
LaTeX Font Info:    Try loading font information for U+pzd on input line 63.

(/usr/local/texlive/2012/texmf-dist/tex/latex/psnfss/upzd.fd
File: upzd.fd 2001/06/04 font definitions for U/pzd.
)
LaTeX Font Info:    Try loading font information for U+psy on input line 64.

(/usr/local/texlive/2012/texmf-dist/tex/latex/psnfss/upsy.fd
File: upsy.fd 2001/06/04 font definitions for U/psy.
))
(/usr/local/texlive/2012/texmf-dist/tex/latex/enumitem/enumitem.sty
Package: enumitem 2011/09/28 v3.5.2 Customized lists
\labelindent=\skip50
\enit@outerparindent=\dimen123
\enit@toks=\toks20
\enit@inbox=\box28
\enitdp@description=\count104
)
(/usr/local/texlive/2012/texmf-dist/tex/latex/graphics/color.sty
Package: color 2005/11/14 v1.0j Standard LaTeX Color (DPC)

(/usr/local/texlive/2012/texmf-dist/tex/latex/latexconfig/color.cfg
File: color.cfg 2007/01/18 v1.5 color configuration of teTeX/TeXLive
)
Package color Info: Driver file: xetex.def on input line 130.
)
(/usr/local/texlive/2012/texmf-dist/tex/latex/l3packages/xparse/xparse.sty
(/usr/local/texlive/2012/texmf-dist/tex/latex/l3kernel/expl3.sty
(/usr/local/texlive/2012/texmf-dist/tex/latex/l3kernel/l3names.sty
(/usr/local/texlive/2012/texmf-dist/tex/latex/l3kernel/l3bootstrap.sty
Package: l3bootstrap 2011/12/29 v3110 L3 Experimental bootstrap code
)
Package: l3names 2012/03/04 v3494 L3 Experimental namespace for primitives
)
(/usr/local/texlive/2012/texmf-dist/tex/latex/etex-pkg/etex.sty
Package: etex 1998/03/26 v2.0 eTeX basic definition package (PEB)
\et@xins=\count105
)
Package: expl3 2012/04/23 v3570 L3 Experimental code bundle wrapper

(/usr/local/texlive/2012/texmf-dist/tex/latex/l3kernel/l3basics.sty
Package: l3basics 2012/03/04 v3491 L3 Experimental basic definitions
)
(/usr/local/texlive/2012/texmf-dist/tex/latex/l3kernel/l3expan.sty
Package: l3expan 2012/02/26 v3460 L3 Experimental argument expansion
)
(/usr/local/texlive/2012/texmf-dist/tex/latex/l3kernel/l3tl.sty
Package: l3tl 2012/03/04 v3490 L3 Experimental token lists
)
(/usr/local/texlive/2012/texmf-dist/tex/latex/l3kernel/l3seq.sty
Package: l3seq 2012/03/04 v3490 L3 Experimental sequences and stacks
)
(/usr/local/texlive/2012/texmf-dist/tex/latex/l3kernel/l3int.sty
Package: l3int 2012/03/04 v3490 L3 Experimental integers
\c_max_int=\count106
\l_tmpa_int=\count107
\l_tmpb_int=\count108
\l_tmpc_int=\count109
\g_tmpa_int=\count110
\g_tmpb_int=\count111
)
(/usr/local/texlive/2012/texmf-dist/tex/latex/l3kernel/l3quark.sty
Package: l3quark 2012/02/12 v3384 L3 Experimental quarks
)
(/usr/local/texlive/2012/texmf-dist/tex/latex/l3kernel/l3prg.sty
Package: l3prg 2012/03/04 v3490 L3 Experimental control structures
\g_prg_map_int=\count112
)
(/usr/local/texlive/2012/texmf-dist/tex/latex/l3kernel/l3clist.sty
Package: l3clist 2012/03/04 v3490 L3 Experimental comma separated lists
)
(/usr/local/texlive/2012/texmf-dist/tex/latex/l3kernel/l3token.sty
Package: l3token 2012/03/04 v3491 L3 Experimental token manipulation
)
(/usr/local/texlive/2012/texmf-dist/tex/latex/l3kernel/l3prop.sty
Package: l3prop 2012/03/04 v3490 L3 Experimental property lists
)
(/usr/local/texlive/2012/texmf-dist/tex/latex/l3kernel/l3msg.sty
Package: l3msg 2012/04/23 v3568 L3 Experimental messages
)
(/usr/local/texlive/2012/texmf-dist/tex/latex/l3kernel/l3file.sty
Package: l3file 2012/03/09 v3520 L3 Experimental file and I/O operations
\l_iow_stream_int=\count113
\l_iow_line_length_int=\count114
\l_iow_target_length_int=\count115
\l_iow_current_line_int=\count116
\l_iow_current_word_int=\count117
\l_iow_current_indentation_int=\count118
)
(/usr/local/texlive/2012/texmf-dist/tex/latex/l3kernel/l3skip.sty
Package: l3skip 2012/03/05 v3499 L3 Experimental dimensions and skips
\l_tmpa_dim=\dimen124
\l_tmpb_dim=\dimen125
\l_tmpc_dim=\dimen126
\g_tmpa_dim=\dimen127
\g_tmpb_dim=\dimen128
\l_tmpa_skip=\skip51
\l_tmpb_skip=\skip52
\l_tmpc_skip=\skip53
\g_tmpa_skip=\skip54
\g_tmpb_skip=\skip55
)
(/usr/local/texlive/2012/texmf-dist/tex/latex/l3kernel/l3keys.sty
Package: l3keys 2012/03/03 v3487 L3 Experimental key-value interfaces
\g_keyval_level_int=\count119
\l_keys_choice_int=\count120
)
(/usr/local/texlive/2012/texmf-dist/tex/latex/l3kernel/l3fp.sty
Package: l3fp 2012/03/04 v3490 L3 Experimental floating-point operations
\c_one_hundred_million=\count121
\c_five_hundred_million=\count122
\c_one_thousand_million=\count123
\c_fp_pi_by_four_decimal_int=\count124
\c_fp_pi_by_four_extended_int=\count125
\c_fp_pi_decimal_int=\count126
\c_fp_pi_extended_int=\count127
\c_fp_two_pi_decimal_int=\count128
\c_fp_two_pi_extended_int=\count129
\l_fp_count_int=\count130
\l_fp_div_offset_int=\count131
\l_fp_exp_integer_int=\count132
\l_fp_exp_decimal_int=\count133
\l_fp_exp_extended_int=\count134
\l_fp_exp_exponent_int=\count135
\l_fp_input_a_sign_int=\count136
\l_fp_input_a_integer_int=\count137
\l_fp_input_a_decimal_int=\count138
\l_fp_input_a_exponent_int=\count139
\l_fp_input_b_sign_int=\count140
\l_fp_input_b_integer_int=\count141
\l_fp_input_b_decimal_int=\count142
\l_fp_input_b_exponent_int=\count143
\l_fp_input_a_extended_int=\count144
\l_fp_input_b_extended_int=\count145
\l_fp_mul_a_i_int=\count146
\l_fp_mul_a_ii_int=\count147
\l_fp_mul_a_iii_int=\count148
\l_fp_mul_a_iv_int=\count149
\l_fp_mul_a_v_int=\count150
\l_fp_mul_a_vi_int=\count151
\l_fp_mul_b_i_int=\count152
\l_fp_mul_b_ii_int=\count153
\l_fp_mul_b_iii_int=\count154
\l_fp_mul_b_iv_int=\count155
\l_fp_mul_b_v_int=\count156
\l_fp_mul_b_vi_int=\count157
\l_fp_mul_output_int=\count158
\l_fp_output_sign_int=\count159
\l_fp_output_integer_int=\count160
\l_fp_output_decimal_int=\count161
\l_fp_output_exponent_int=\count162
\l_fp_output_extended_int=\count163
\l_fp_round_position_int=\count164
\l_fp_round_target_int=\count165
\l_fp_split_sign_int=\count166
\l_fp_internal_int=\count167
\l_fp_trig_octant_int=\count168
\l_fp_trig_sign_int=\count169
\l_fp_trig_decimal_int=\count170
\l_fp_trig_extended_int=\count171
\l_fp_internal_dim=\dimen129
\l_fp_internal_skip=\skip56
)
(/usr/local/texlive/2012/texmf-dist/tex/latex/l3kernel/l3box.sty
Package: l3box 2012/03/04 v3490 L3 Experimental boxes
\l_tmpb_box=\box29
\l_box_top_dim=\dimen130
\l_box_bottom_dim=\dimen131
\l_box_left_dim=\dimen132
\l_box_right_dim=\dimen133
\l_box_top_new_dim=\dimen134
\l_box_bottom_new_dim=\dimen135
\l_box_left_new_dim=\dimen136
\l_box_right_new_dim=\dimen137
\l_box_internal_box=\box30
)
(/usr/local/texlive/2012/texmf-dist/tex/latex/l3kernel/l3coffins.sty
Package: l3coffins 2012/03/03 v3482 L3 Experimental coffin code layer
\l_coffin_internal_box=\box31
\l_coffin_internal_dim=\dimen138
\l_coffin_offset_x_dim=\dimen139
\l_coffin_offset_y_dim=\dimen140
\l_coffin_x_dim=\dimen141
\l_coffin_y_dim=\dimen142
\l_coffin_x_prime_dim=\dimen143
\l_coffin_y_prime_dim=\dimen144
\l_coffin_Depth_dim=\dimen145
\l_coffin_Height_dim=\dimen146
\l_coffin_TotalHeight_dim=\dimen147
\l_coffin_Width_dim=\dimen148
\c_empty_coffin=\box32
\l_coffin_aligned_coffin=\box33
\l_coffin_aligned_internal_coffin=\box34
\l_coffin_bounding_shift_dim=\dimen149
\l_coffin_left_corner_dim=\dimen150
\l_coffin_right_corner_dim=\dimen151
\l_coffin_bottom_corner_dim=\dimen152
\l_coffin_top_corner_dim=\dimen153
\l_coffin_scaled_total_height_dim=\dimen154
\l_coffin_scaled_width_dim=\dimen155
\l_coffin_display_coffin=\box35
\l_coffin_display_coord_coffin=\box36
\l_coffin_display_pole_coffin=\box37
\l_coffin_display_offset_dim=\dimen156
\l_coffin_display_x_dim=\dimen157
\l_coffin_display_y_dim=\dimen158
)
(/usr/local/texlive/2012/texmf-dist/tex/latex/l3kernel/l3color.sty
Package: l3color 2011/09/07 v2776 L3 Experimental colour support
)
(/usr/local/texlive/2012/texmf-dist/tex/latex/l3kernel/l3luatex.sty
Package: l3luatex 2012/02/09 v3355 L3 Experimental LuaTeX-specific functions
\g_cctab_allocate_int=\count172
\g_cctab_stack_int=\count173
))
Package: xparse 2012/04/23 v3570 L3 Experimental document command parser
\l_xparse_current_arg_int=\count174
\l_xparse_m_args_int=\count175
\l_xparse_mandatory_args_int=\count176
\l_xparse_processor_int=\count177
\l_xparse_v_nesting_int=\count178
)
(/usr/local/texlive/2012/texmf-dist/tex/latex/url/url.sty
\Urlmuskip=\muskip11
Package: url 2006/04/12  ver 3.3  Verb mode for urls, etc.
)
(/usr/local/texlive/2012/texmf-dist/tex/latex/hyperref/hyperref.sty
Package: hyperref 2012/05/13 v6.82q Hypertext links for LaTeX

(/usr/local/texlive/2012/texmf-dist/tex/generic/oberdiek/hobsub-hyperref.sty
Package: hobsub-hyperref 2012/05/28 v1.13 Bundle oberdiek, subset hyperref (HO)


(/usr/local/texlive/2012/texmf-dist/tex/generic/oberdiek/hobsub-generic.sty
Package: hobsub-generic 2012/05/28 v1.13 Bundle oberdiek, subset generic (HO)
Package: hobsub 2012/05/28 v1.13 Construct package bundles (HO)
Package: infwarerr 2010/04/08 v1.3 Providing info/warning/error messages (HO)
Package: ltxcmds 2011/11/09 v1.22 LaTeX kernel commands for general use (HO)
Package: ifluatex 2010/03/01 v1.3 Provides the ifluatex switch (HO)
Package ifluatex Info: LuaTeX not detected.
Package: ifvtex 2010/03/01 v1.5 Detect VTeX and its facilities (HO)
Package ifvtex Info: VTeX not detected.
Package: intcalc 2007/09/27 v1.1 Expandable calculations with integers (HO)
Package: ifpdf 2011/01/30 v2.3 Provides the ifpdf switch (HO)
Package ifpdf Info: pdfTeX in PDF mode is not detected.
Package: etexcmds 2011/02/16 v1.5 Avoid name clashes with e-TeX commands (HO)
Package etexcmds Info: Could not find \expanded.
(etexcmds)             That can mean that you are not using pdfTeX 1.50 or
(etexcmds)             that some package has redefined \expanded.
(etexcmds)             In the latter case, load this package earlier.
Package: kvsetkeys 2012/04/25 v1.16 Key value parser (HO)
Package: kvdefinekeys 2011/04/07 v1.3 Define keys (HO)
Package: pdftexcmds 2011/11/29 v0.20 Utility functions of pdfTeX for LuaTeX (HO
)
Package pdftexcmds Info: LuaTeX not detected.
Package pdftexcmds Info: pdfTeX >= 1.30 not detected.
Package pdftexcmds Info: \pdf@primitive is available.
Package pdftexcmds Info: \pdf@ifprimitive is available.
Package pdftexcmds Info: \pdfdraftmode not found.
Package: pdfescape 2011/11/25 v1.13 Implements pdfTeX's escape features (HO)
Package: bigintcalc 2012/04/08 v1.3 Expandable calculations on big integers (HO
)
Package: bitset 2011/01/30 v1.1 Handle bit-vector datatype (HO)
Package: uniquecounter 2011/01/30 v1.2 Provide unlimited unique counter (HO)
)
Package hobsub Info: Skipping package `hobsub' (already loaded).
Package: letltxmacro 2010/09/02 v1.4 Let assignment for LaTeX macros (HO)
Package: hopatch 2012/05/28 v1.2 Wrapper for package hooks (HO)
Package: xcolor-patch 2011/01/30 xcolor patch
Package: atveryend 2011/06/30 v1.8 Hooks at the very end of document (HO)
Package atveryend Info: \enddocument detected (standard20110627).
Package: atbegshi 2011/10/05 v1.16 At begin shipout hook (HO)
Package: refcount 2011/10/16 v3.4 Data extraction from label references (HO)
Package: hycolor 2011/01/30 v1.7 Color options for hyperref/bookmark (HO)
)
(/usr/local/texlive/2012/texmf-dist/tex/generic/ifxetex/ifxetex.sty
Package: ifxetex 2010/09/12 v0.6 Provides ifxetex conditional
)
(/usr/local/texlive/2012/texmf-dist/tex/latex/oberdiek/kvoptions.sty
Package: kvoptions 2011/06/30 v3.11 Key value format for package options (HO)
)
\@linkdim=\dimen159
\Hy@linkcounter=\count179
\Hy@pagecounter=\count180

(/usr/local/texlive/2012/texmf-dist/tex/latex/hyperref/pd1enc.def
File: pd1enc.def 2012/05/13 v6.82q Hyperref: PDFDocEncoding definition (HO)
)
\Hy@SavedSpaceFactor=\count181

(/usr/local/texlive/2012/texmf-dist/tex/xelatex/xetexconfig/hyperref.cfg
File: hyperref.cfg 2008/07/11 v1.2 hyperref configuration for XeLaTeX
)
Package hyperref Info: Option `colorlinks' set `true' on input line 3941.
Package hyperref Info: Hyper figures OFF on input line 4062.
Package hyperref Info: Link nesting OFF on input line 4067.
Package hyperref Info: Hyper index ON on input line 4070.
Package hyperref Info: Plain pages OFF on input line 4077.
Package hyperref Info: Backreferencing OFF on input line 4082.
Package hyperref Info: Implicit mode ON; LaTeX internals redefined.
Package hyperref Info: Bookmarks ON on input line 4300.
\c@Hy@tempcnt=\count182
LaTeX Info: Redefining \url on input line 4653.
\Fld@menulength=\count183
\Field@Width=\dimen160
\Fld@charsize=\dimen161
Package hyperref Info: Hyper figures OFF on input line 5773.
Package hyperref Info: Link nesting OFF on input line 5778.
Package hyperref Info: Hyper index ON on input line 5781.
Package hyperref Info: backreferencing OFF on input line 5788.
Package hyperref Info: Link coloring ON on input line 5791.
Package hyperref Info: Link coloring with OCG OFF on input line 5798.
Package hyperref Info: PDF/A mode OFF on input line 5803.
LaTeX Info: Redefining \ref on input line 5843.
LaTeX Info: Redefining \pageref on input line 5847.
\Hy@abspage=\count184
\c@Item=\count185
\c@Hfootnote=\count186
)

Package hyperref Message: Driver (autodetected): hxetex.

(/usr/local/texlive/2012/texmf-dist/tex/latex/hyperref/hxetex.def
File: hxetex.def 2012/05/13 v6.82q Hyperref driver for XeTeX

(/usr/local/texlive/2012/texmf-dist/tex/latex/hyperref/puenc.def
File: puenc.def 2012/05/13 v6.82q Hyperref: PDF Unicode definition (HO)
)
(/usr/local/texlive/2012/texmf-dist/tex/generic/oberdiek/stringenc.sty
Package: stringenc 2011/12/02 v1.10 Convert strings between diff. encodings (HO
)
)
\pdfm@box=\box38
\c@Hy@AnnotLevel=\count187
\HyField@AnnotCount=\count188
\Fld@listcount=\count189
\c@bookmark@seq@number=\count190

(/usr/local/texlive/2012/texmf-dist/tex/latex/oberdiek/rerunfilecheck.sty
Package: rerunfilecheck 2011/04/15 v1.7 Rerun checks for auxiliary files (HO)
Package rerunfilecheck Info: Feature \pdfmdfivesum is not available
(rerunfilecheck)             (e.g. pdfTeX or LuaTeX with package `pdftexcmds').

(rerunfilecheck)             Therefore file contents cannot be checked efficien
tly
(rerunfilecheck)             and the loading of the package is aborted.
)
\Hy@SectionHShift=\skip57
)
(/usr/local/texlive/2012/texmf-dist/tex/latex/subfigure/subfigure.sty
Package: subfigure 2002/03/15 v2.1.5 subfigure package
\subfigtopskip=\skip58
\subfigcapskip=\skip59
\subfigcaptopadj=\dimen162
\subfigbottomskip=\skip60
\subfigcapmargin=\dimen163
\subfiglabelskip=\skip61
\c@subfigure=\count191
\c@lofdepth=\count192
\c@subtable=\count193
\c@lotdepth=\count194

****************************************
* Local config file subfigure.cfg used *
****************************************
(/usr/local/texlive/2012/texmf-dist/tex/latex/subfigure/subfigure.cfg)
\subfig@top=\skip62
\subfig@bottom=\skip63
)
(/usr/local/texlive/2012/texmf-dist/tex/latex/pgf/frontendlayer/tikz.sty
(/usr/local/texlive/2012/texmf-dist/tex/latex/pgf/basiclayer/pgf.sty
(/usr/local/texlive/2012/texmf-dist/tex/latex/pgf/utilities/pgfrcs.sty
(/usr/local/texlive/2012/texmf-dist/tex/generic/pgf/utilities/pgfutil-common.te
x
\pgfutil@everybye=\toks21
)
(/usr/local/texlive/2012/texmf-dist/tex/generic/pgf/utilities/pgfutil-latex.def
\pgfutil@abb=\box39
(/usr/local/texlive/2012/texmf-dist/tex/latex/ms/everyshi.sty
Package: everyshi 2001/05/15 v3.00 EveryShipout Package (MS)
))
(/usr/local/texlive/2012/texmf-dist/tex/generic/pgf/utilities/pgfrcs.code.tex
Package: pgfrcs 2010/10/25 v2.10 (rcs-revision 1.24)
))
Package: pgf 2008/01/15 v2.10 (rcs-revision 1.12)
(/usr/local/texlive/2012/texmf-dist/tex/latex/pgf/basiclayer/pgfcore.sty
(/usr/local/texlive/2012/texmf-dist/tex/latex/pgf/systemlayer/pgfsys.sty
(/usr/local/texlive/2012/texmf-dist/tex/generic/pgf/systemlayer/pgfsys.code.tex
Package: pgfsys 2010/06/30 v2.10 (rcs-revision 1.37)
(/usr/local/texlive/2012/texmf-dist/tex/generic/pgf/utilities/pgfkeys.code.tex
\pgfkeys@pathtoks=\toks22
\pgfkeys@temptoks=\toks23

(/usr/local/texlive/2012/texmf-dist/tex/generic/pgf/utilities/pgfkeysfiltered.c
ode.tex
\pgfkeys@tmptoks=\toks24
))
\pgf@x=\dimen164
\pgf@y=\dimen165
\pgf@xa=\dimen166
\pgf@ya=\dimen167
\pgf@xb=\dimen168
\pgf@yb=\dimen169
\pgf@xc=\dimen170
\pgf@yc=\dimen171
\w@pgf@writea=\write3
\r@pgf@reada=\read1
\c@pgf@counta=\count195
\c@pgf@countb=\count196
\c@pgf@countc=\count197
\c@pgf@countd=\count198

(/usr/local/texlive/2012/texmf-dist/tex/generic/pgf/systemlayer/pgf.cfg
File: pgf.cfg 2008/05/14  (rcs-revision 1.7)
)
Package pgfsys Info: Driver file for pgf: pgfsys-xetex.def on input line 900.

(/usr/local/texlive/2012/texmf-dist/tex/generic/pgf/systemlayer/pgfsys-xetex.de
f
File: pgfsys-xetex.def 2010/02/16  (rcs-revision 1.3)

(/usr/local/texlive/2012/texmf-dist/tex/generic/pgf/systemlayer/pgfsys-common-p
df.def
File: pgfsys-common-pdf.def 2008/05/19  (rcs-revision 1.10)
)
(/usr/local/texlive/2012/texmf-dist/tex/generic/pgf/systemlayer/pgfsys-common-p
df-via-dvi.def
File: pgfsys-common-pdf-via-dvi.def 2008/05/19  (rcs-revision 1.7)
)))
(/usr/local/texlive/2012/texmf-dist/tex/generic/pgf/systemlayer/pgfsyssoftpath.
code.tex
File: pgfsyssoftpath.code.tex 2008/07/18  (rcs-revision 1.7)
\pgfsyssoftpath@smallbuffer@items=\count199
\pgfsyssoftpath@bigbuffer@items=\count200
)
(/usr/local/texlive/2012/texmf-dist/tex/generic/pgf/systemlayer/pgfsysprotocol.
code.tex
File: pgfsysprotocol.code.tex 2006/10/16  (rcs-revision 1.4)
)) (/usr/local/texlive/2012/texmf-dist/tex/latex/xcolor/xcolor.sty
Package: xcolor 2007/01/21 v2.11 LaTeX color extensions (UK)

(/usr/local/texlive/2012/texmf-dist/tex/latex/latexconfig/color.cfg
File: color.cfg 2007/01/18 v1.5 color configuration of teTeX/TeXLive
)
Package xcolor Info: Driver file: xetex.def on input line 225.
LaTeX Info: Redefining \color on input line 702.
Package xcolor Info: Model `cmy' substituted by `cmy0' on input line 1337.
Package xcolor Info: Model `RGB' extended on input line 1353.
Package xcolor Info: Model `HTML' substituted by `rgb' on input line 1355.
Package xcolor Info: Model `Hsb' substituted by `hsb' on input line 1356.
Package xcolor Info: Model `tHsb' substituted by `hsb' on input line 1357.
Package xcolor Info: Model `HSB' substituted by `hsb' on input line 1358.
Package xcolor Info: Model `Gray' substituted by `gray' on input line 1359.
Package xcolor Info: Model `wave' substituted by `hsb' on input line 1360.
)
(/usr/local/texlive/2012/texmf-dist/tex/generic/pgf/basiclayer/pgfcore.code.tex
Package: pgfcore 2010/04/11 v2.10 (rcs-revision 1.7)
(/usr/local/texlive/2012/texmf-dist/tex/generic/pgf/math/pgfmath.code.tex
(/usr/local/texlive/2012/texmf-dist/tex/generic/pgf/math/pgfmathcalc.code.tex
(/usr/local/texlive/2012/texmf-dist/tex/generic/pgf/math/pgfmathutil.code.tex)
(/usr/local/texlive/2012/texmf-dist/tex/generic/pgf/math/pgfmathparser.code.tex
\pgfmath@dimen=\dimen172
\pgfmath@count=\count201
\pgfmath@box=\box40
\pgfmath@toks=\toks25
\pgfmath@stack@operand=\toks26
\pgfmath@stack@operation=\toks27
)
(/usr/local/texlive/2012/texmf-dist/tex/generic/pgf/math/pgfmathfunctions.code.
tex
(/usr/local/texlive/2012/texmf-dist/tex/generic/pgf/math/pgfmathfunctions.basic
.code.tex)
(/usr/local/texlive/2012/texmf-dist/tex/generic/pgf/math/pgfmathfunctions.trigo
nometric.code.tex)
(/usr/local/texlive/2012/texmf-dist/tex/generic/pgf/math/pgfmathfunctions.rando
m.code.tex)
(/usr/local/texlive/2012/texmf-dist/tex/generic/pgf/math/pgfmathfunctions.compa
rison.code.tex)
(/usr/local/texlive/2012/texmf-dist/tex/generic/pgf/math/pgfmathfunctions.base.
code.tex)
(/usr/local/texlive/2012/texmf-dist/tex/generic/pgf/math/pgfmathfunctions.round
.code.tex)
(/usr/local/texlive/2012/texmf-dist/tex/generic/pgf/math/pgfmathfunctions.misc.
code.tex)))
(/usr/local/texlive/2012/texmf-dist/tex/generic/pgf/math/pgfmathfloat.code.tex
Normal \count register pool exhausted, switching to extended pool.
\c@pgfmathroundto@lastzeros=\count277
))
(/usr/local/texlive/2012/texmf-dist/tex/generic/pgf/basiclayer/pgfcorepoints.co
de.tex
File: pgfcorepoints.code.tex 2010/04/09  (rcs-revision 1.20)
\pgf@picminx=\dimen173
\pgf@picmaxx=\dimen174
\pgf@picminy=\dimen175
\pgf@picmaxy=\dimen176
\pgf@pathminx=\dimen177
\pgf@pathmaxx=\dimen178
\pgf@pathminy=\dimen179
\pgf@pathmaxy=\dimen180
\pgf@xx=\dimen181
\pgf@xy=\dimen182
\pgf@yx=\dimen183
\pgf@yy=\dimen184
\pgf@zx=\dimen185
\pgf@zy=\dimen186
)
(/usr/local/texlive/2012/texmf-dist/tex/generic/pgf/basiclayer/pgfcorepathconst
ruct.code.tex
File: pgfcorepathconstruct.code.tex 2010/08/03  (rcs-revision 1.24)
\pgf@path@lastx=\dimen187
\pgf@path@lasty=\dimen188
)
(/usr/local/texlive/2012/texmf-dist/tex/generic/pgf/basiclayer/pgfcorepathusage
.code.tex
File: pgfcorepathusage.code.tex 2008/04/22  (rcs-revision 1.12)
\pgf@shorten@end@additional=\dimen189
\pgf@shorten@start@additional=\dimen190
)
(/usr/local/texlive/2012/texmf-dist/tex/generic/pgf/basiclayer/pgfcorescopes.co
de.tex
File: pgfcorescopes.code.tex 2010/09/08  (rcs-revision 1.34)
\pgfpic=\box41
\pgf@hbox=\box42
\pgf@layerbox@main=\box43
\pgf@picture@serial@count=\count278
)
(/usr/local/texlive/2012/texmf-dist/tex/generic/pgf/basiclayer/pgfcoregraphicst
ate.code.tex
File: pgfcoregraphicstate.code.tex 2008/04/22  (rcs-revision 1.9)
\pgflinewidth=\dimen191
)
(/usr/local/texlive/2012/texmf-dist/tex/generic/pgf/basiclayer/pgfcoretransform
ations.code.tex
File: pgfcoretransformations.code.tex 2009/06/10  (rcs-revision 1.11)
\pgf@pt@x=\dimen192
\pgf@pt@y=\dimen193
\pgf@pt@temp=\dimen194
)
(/usr/local/texlive/2012/texmf-dist/tex/generic/pgf/basiclayer/pgfcorequick.cod
e.tex
File: pgfcorequick.code.tex 2008/10/09  (rcs-revision 1.3)
)
(/usr/local/texlive/2012/texmf-dist/tex/generic/pgf/basiclayer/pgfcoreobjects.c
ode.tex
File: pgfcoreobjects.code.tex 2006/10/11  (rcs-revision 1.2)
)
(/usr/local/texlive/2012/texmf-dist/tex/generic/pgf/basiclayer/pgfcorepathproce
ssing.code.tex
File: pgfcorepathprocessing.code.tex 2008/10/09  (rcs-revision 1.8)
)
(/usr/local/texlive/2012/texmf-dist/tex/generic/pgf/basiclayer/pgfcorearrows.co
de.tex
File: pgfcorearrows.code.tex 2008/04/23  (rcs-revision 1.11)
)
(/usr/local/texlive/2012/texmf-dist/tex/generic/pgf/basiclayer/pgfcoreshade.cod
e.tex
File: pgfcoreshade.code.tex 2008/11/23  (rcs-revision 1.13)
\pgf@max=\dimen195
\pgf@sys@shading@range@num=\count279
)
(/usr/local/texlive/2012/texmf-dist/tex/generic/pgf/basiclayer/pgfcoreimage.cod
e.tex
File: pgfcoreimage.code.tex 2010/03/25  (rcs-revision 1.16)

(/usr/local/texlive/2012/texmf-dist/tex/generic/pgf/basiclayer/pgfcoreexternal.
code.tex
File: pgfcoreexternal.code.tex 2010/09/01  (rcs-revision 1.17)
\pgfexternal@startupbox=\box44
))
(/usr/local/texlive/2012/texmf-dist/tex/generic/pgf/basiclayer/pgfcorelayers.co
de.tex
File: pgfcorelayers.code.tex 2010/08/27  (rcs-revision 1.2)
)
(/usr/local/texlive/2012/texmf-dist/tex/generic/pgf/basiclayer/pgfcoretranspare
ncy.code.tex
File: pgfcoretransparency.code.tex 2008/01/17  (rcs-revision 1.2)
)
(/usr/local/texlive/2012/texmf-dist/tex/generic/pgf/basiclayer/pgfcorepatterns.
code.tex
File: pgfcorepatterns.code.tex 2009/07/02  (rcs-revision 1.3)
)))
(/usr/local/texlive/2012/texmf-dist/tex/generic/pgf/modules/pgfmoduleshapes.cod
e.tex
File: pgfmoduleshapes.code.tex 2010/09/09  (rcs-revision 1.13)
\pgfnodeparttextbox=\box45
)
(/usr/local/texlive/2012/texmf-dist/tex/generic/pgf/modules/pgfmoduleplot.code.
tex
File: pgfmoduleplot.code.tex 2010/10/22  (rcs-revision 1.8)
)
(/usr/local/texlive/2012/texmf-dist/tex/latex/pgf/compatibility/pgfcomp-version
-0-65.sty
Package: pgfcomp-version-0-65 2007/07/03 v2.10 (rcs-revision 1.7)
\pgf@nodesepstart=\dimen196
\pgf@nodesepend=\dimen197
)
(/usr/local/texlive/2012/texmf-dist/tex/latex/pgf/compatibility/pgfcomp-version
-1-18.sty
Package: pgfcomp-version-1-18 2007/07/23 v2.10 (rcs-revision 1.1)
))
(/usr/local/texlive/2012/texmf-dist/tex/latex/pgf/utilities/pgffor.sty
(/usr/local/texlive/2012/texmf-dist/tex/latex/pgf/utilities/pgfkeys.sty
(/usr/local/texlive/2012/texmf-dist/tex/generic/pgf/utilities/pgfkeys.code.tex)
) (/usr/local/texlive/2012/texmf-dist/tex/generic/pgf/utilities/pgffor.code.tex
Package: pgffor 2010/03/23 v2.10 (rcs-revision 1.18)
\pgffor@iter=\dimen198
\pgffor@skip=\dimen199
\pgffor@stack=\toks28
\pgffor@toks=\toks29
))
(/usr/local/texlive/2012/texmf-dist/tex/generic/pgf/frontendlayer/tikz/tikz.cod
e.tex
Package: tikz 2010/10/13 v2.10 (rcs-revision 1.76)

(/usr/local/texlive/2012/texmf-dist/tex/generic/pgf/libraries/pgflibraryplothan
dlers.code.tex
File: pgflibraryplothandlers.code.tex 2010/05/31 v2.10 (rcs-revision 1.15)
\pgf@plot@mark@count=\count280
\pgfplotmarksize=\dimen200
)
\tikz@lastx=\dimen201
Normal \dimen register pool exhausted, switching to extended pool.
\tikz@lasty=\dimen256
\tikz@lastxsaved=\dimen257
\tikz@lastysaved=\dimen258
\tikzleveldistance=\dimen259
\tikzsiblingdistance=\dimen260
\tikz@figbox=\box46
\tikz@tempbox=\box47
\tikztreelevel=\count281
\tikznumberofchildren=\count282
\tikznumberofcurrentchild=\count283
\tikz@fig@count=\count284

(/usr/local/texlive/2012/texmf-dist/tex/generic/pgf/modules/pgfmodulematrix.cod
e.tex
File: pgfmodulematrix.code.tex 2010/08/24  (rcs-revision 1.4)
\pgfmatrixcurrentrow=\count285
\pgfmatrixcurrentcolumn=\count286
\pgf@matrix@numberofcolumns=\count287
)
\tikz@expandcount=\count288

(/usr/local/texlive/2012/texmf-dist/tex/generic/pgf/frontendlayer/tikz/librarie
s/tikzlibrarytopaths.code.tex
File: tikzlibrarytopaths.code.tex 2008/06/17 v2.10 (rcs-revision 1.2)
)))
(/usr/local/texlive/2012/texmf-dist/tex/latex/tools/tabularx.sty
Package: tabularx 1999/01/07 v2.07 `tabularx' package (DPC)

(/usr/local/texlive/2012/texmf-dist/tex/latex/tools/array.sty
Package: array 2008/09/09 v2.4c Tabular extension package (FMi)
\col@sep=\dimen261
\extrarowheight=\dimen262
\NC@list=\toks30
\extratabsurround=\skip64
\backup@length=\skip65
)
\TX@col@width=\dimen263
\TX@old@table=\dimen264
\TX@old@col=\dimen265
\TX@target=\dimen266
\TX@delta=\dimen267
\TX@cols=\count289
\TX@ftn=\toks31
)
(/usr/local/texlive/2012/texmf-dist/tex/latex/multirow/multirow.sty
\bigstrutjot=\dimen268
)
(/usr/local/texlive/2012/texmf-dist/tex/generic/pgf/frontendlayer/tikz/librarie
s/tikzlibrarypatterns.code.tex
File: tikzlibrarypatterns.code.tex 2008/01/15 v2.10 (rcs-revision 1.2)

(/usr/local/texlive/2012/texmf-dist/tex/generic/pgf/libraries/pgflibrarypattern
s.code.tex
File: pgflibrarypatterns.code.tex 2008/03/03 v2.10 (rcs-revision 1.13)
))
(/usr/local/texlive/2012/texmf-dist/tex/generic/pgf/frontendlayer/tikz/librarie
s/tikzlibraryarrows.code.tex
File: tikzlibraryarrows.code.tex 2008/01/09 v2.10 (rcs-revision 1.1)

(/usr/local/texlive/2012/texmf-dist/tex/generic/pgf/libraries/pgflibraryarrows.
code.tex
File: pgflibraryarrows.code.tex 2008/10/27 v2.10 (rcs-revision 1.9)
\arrowsize=\dimen269
))
(/usr/local/texlive/2012/texmf-dist/tex/generic/pgf/frontendlayer/tikz/librarie
s/tikzlibrarydecorations.markings.code.tex
(/usr/local/texlive/2012/texmf-dist/tex/generic/pgf/frontendlayer/tikz/librarie
s/tikzlibrarydecorations.code.tex
(/usr/local/texlive/2012/texmf-dist/tex/generic/pgf/modules/pgfmoduledecoration
s.code.tex
\pgfdecoratedcompleteddistance=\dimen270
\pgfdecoratedremainingdistance=\dimen271
\pgfdecoratedinputsegmentcompleteddistance=\dimen272
\pgfdecoratedinputsegmentremainingdistance=\dimen273
\pgf@decorate@distancetomove=\dimen274
\pgf@decorate@repeatstate=\count290
\pgfdecorationsegmentamplitude=\dimen275
\pgfdecorationsegmentlength=\dimen276
)
\tikz@lib@dec@box=\box48
)
(/usr/local/texlive/2012/texmf-dist/tex/generic/pgf/libraries/decorations/pgfli
brarydecorations.markings.code.tex))
.................................................
. LaTeX info: "xparse/define-command"
. 
. Defining document command \St with arg. spec. 'O{t} O{n} O{S}' on line 60.
.................................................
.................................................
. LaTeX info: "xparse/define-command"
. 
. Defining document command \gsum with arg. spec. 'O{} O{} O{}' on line 77.
.................................................
.................................................
. LaTeX info: "xparse/define-command"
. 
. Defining document command \ajk with arg. spec. 'O{j,k} O{\alpha }' on line
. 79.
.................................................
 (./Integrate.aux)
\openout1 = `Integrate.aux'.

LaTeX Font Info:    Checking defaults for OML/cmm/m/it on input line 134.
LaTeX Font Info:    ... okay on input line 134.
LaTeX Font Info:    Checking defaults for T1/cmr/m/n on input line 134.
LaTeX Font Info:    ... okay on input line 134.
LaTeX Font Info:    Checking defaults for OT1/cmr/m/n on input line 134.
LaTeX Font Info:    ... okay on input line 134.
LaTeX Font Info:    Checking defaults for OMS/cmsy/m/n on input line 134.
LaTeX Font Info:    ... okay on input line 134.
LaTeX Font Info:    Checking defaults for OMX/cmex/m/n on input line 134.
LaTeX Font Info:    ... okay on input line 134.
LaTeX Font Info:    Checking defaults for U/cmr/m/n on input line 134.
LaTeX Font Info:    ... okay on input line 134.
LaTeX Font Info:    Checking defaults for PD1/pdf/m/n on input line 134.
LaTeX Font Info:    ... okay on input line 134.
LaTeX Font Info:    Checking defaults for PU/pdf/m/n on input line 134.
LaTeX Font Info:    ... okay on input line 134.
\AtBeginShipoutBox=\box49
Package hyperref Info: Link coloring ON on input line 134.

(/usr/local/texlive/2012/texmf-dist/tex/latex/hyperref/nameref.sty
Package: nameref 2010/04/30 v2.40 Cross-referencing by name of section

(/usr/local/texlive/2012/texmf-dist/tex/generic/oberdiek/gettitlestring.sty
Package: gettitlestring 2010/12/03 v1.4 Cleanup title references (HO)
)
\c@section@level=\count291
)
LaTeX Info: Redefining \ref on input line 134.
LaTeX Info: Redefining \pageref on input line 134.
LaTeX Info: Redefining \nameref on input line 134.

(./Integrate.out) (./Integrate.out)
\@outlinefile=\write4
\openout4 = `Integrate.out'.

 ABD: EveryShipout initializing macros
LaTeX Font Info:    Try loading font information for U+msa on input line 137.

(/usr/local/texlive/2012/texmf-dist/tex/latex/amsfonts/umsa.fd
File: umsa.fd 2009/06/22 v3.00 AMS symbols A
)
LaTeX Font Info:    Try loading font information for U+msb on input line 137.

(/usr/local/texlive/2012/texmf-dist/tex/latex/amsfonts/umsb.fd
File: umsb.fd 2009/06/22 v3.00 AMS symbols B
)

LaTeX Warning: No \author given.

(/usr/local/texlive/2012/texmf-dist/tex/generic/oberdiek/se-ascii-print.def
File: se-ascii-print.def 2011/12/02 v1.10 stringenc: Printable ASCII characters

)
[1

] [2]
Package atveryend Info: Empty hook `BeforeClearDocument' on input line 250.
 [3]
Package atveryend Info: Empty hook `AfterLastShipout' on input line 250.
 (./Integrate.aux)
Package atveryend Info: Empty hook `AtVeryEndDocument' on input line 250.
Package atveryend Info: Empty hook `AtEndAfterFileList' on input line 250.
Package atveryend Info: Empty hook `AtVeryVeryEnd' on input line 250.
 ) 
Here is how much of TeX's memory you used:
 21859 strings out of 494004
 391553 string characters out of 3150890
 440200 words of memory out of 3000000
 24746 multiletter control sequences out of 15000+200000
 11130 words of font info for 42 fonts, out of 3000000 for 9000
 1144 hyphenation exceptions out of 8191
 56i,11n,69p,416b,794s stack positions out of 5000i,500n,10000p,200000b,50000s

Output written on Integrate.pdf (3 pages).
